<?xml version="1.0" encoding="UTF-8"?>
<testng-results skipped="0" failed="0" total="4" passed="4">
  <reporter-output>
  </reporter-output>
  <suite name="Default suite" duration-ms="17413" started-at="2019-05-01T14:39:22Z" finished-at="2019-05-01T14:39:40Z">
    <groups>
    </groups>
    <test name="Default test" duration-ms="17413" started-at="2019-05-01T14:39:22Z" finished-at="2019-05-01T14:39:40Z">
      <class name="Assignment.Testassignment">
        <test-method status="PASS" signature="testAddData()[pri:0, instance:Assignment.Testassignment@473b46c3]" name="testAddData" duration-ms="16544" started-at="2019-05-01T15:39:22Z" finished-at="2019-05-01T15:39:39Z">
          <reporter-output>
          </reporter-output>
        </test-method> <!-- testAddData -->
        <test-method status="PASS" signature="testDeleteData()[pri:0, instance:Assignment.Testassignment@473b46c3]" name="testDeleteData" duration-ms="599" started-at="2019-05-01T15:39:39Z" finished-at="2019-05-01T15:39:39Z">
          <reporter-output>
          </reporter-output>
        </test-method> <!-- testDeleteData -->
        <test-method status="PASS" signature="testGetData()[pri:0, instance:Assignment.Testassignment@473b46c3]" name="testGetData" duration-ms="107" started-at="2019-05-01T15:39:39Z" finished-at="2019-05-01T15:39:40Z">
          <reporter-output>
          </reporter-output>
        </test-method> <!-- testGetData -->
        <test-method status="PASS" signature="testStatuscode()[pri:0, instance:Assignment.Testassignment@473b46c3]" name="testStatuscode" duration-ms="122" started-at="2019-05-01T15:39:40Z" finished-at="2019-05-01T15:39:40Z">
          <reporter-output>
          </reporter-output>
        </test-method> <!-- testStatuscode -->
      </class> <!-- Assignment.Testassignment -->
    </test> <!-- Default test -->
  </suite> <!-- Default suite -->
</testng-results>
