<?xml version="1.0" encoding="UTF-8"?>
<!-- Generated by org.testng.reporters.JUnitXMLReporter -->
<testsuite hostname="Adya" name="Command line test" tests="4" failures="0" timestamp="1 May 2019 15:12:58 GMT" time="2.576" errors="0">
  <testcase name="testAddData" time="1.937" classname="Assignment.Testassignment"/>
  <testcase name="testDeleteData" time="0.47" classname="Assignment.Testassignment"/>
  <testcase name="testGetData" time="0.07" classname="Assignment.Testassignment"/>
  <testcase name="testStatuscode" time="0.082" classname="Assignment.Testassignment"/>
</testsuite> <!-- Command line test -->
