<?xml version="1.0" encoding="UTF-8"?>
<testng-results skipped="0" failed="0" total="4" passed="4">
  <reporter-output>
  </reporter-output>
  <suite name="Assignment.Testassignment" duration-ms="2576" started-at="2019-05-01T15:12:55Z" finished-at="2019-05-01T15:12:58Z">
    <groups>
    </groups>
    <test name="Command line test" duration-ms="2576" started-at="2019-05-01T15:12:55Z" finished-at="2019-05-01T15:12:58Z">
      <class name="Assignment.Testassignment">
        <test-method status="PASS" signature="testAddData()[pri:0, instance:Assignment.Testassignment@1d251891]" name="testAddData" duration-ms="1937" started-at="2019-05-01T16:12:55Z" finished-at="2019-05-01T16:12:57Z">
          <reporter-output>
          </reporter-output>
        </test-method> <!-- testAddData -->
        <test-method status="PASS" signature="testDeleteData()[pri:0, instance:Assignment.Testassignment@1d251891]" name="testDeleteData" duration-ms="470" started-at="2019-05-01T16:12:57Z" finished-at="2019-05-01T16:12:57Z">
          <reporter-output>
          </reporter-output>
        </test-method> <!-- testDeleteData -->
        <test-method status="PASS" signature="testGetData()[pri:0, instance:Assignment.Testassignment@1d251891]" name="testGetData" duration-ms="70" started-at="2019-05-01T16:12:57Z" finished-at="2019-05-01T16:12:57Z">
          <reporter-output>
          </reporter-output>
        </test-method> <!-- testGetData -->
        <test-method status="PASS" signature="testStatuscode()[pri:0, instance:Assignment.Testassignment@1d251891]" name="testStatuscode" duration-ms="82" started-at="2019-05-01T16:12:57Z" finished-at="2019-05-01T16:12:58Z">
          <reporter-output>
          </reporter-output>
        </test-method> <!-- testStatuscode -->
      </class> <!-- Assignment.Testassignment -->
    </test> <!-- Command line test -->
  </suite> <!-- Assignment.Testassignment -->
</testng-results>
